Build started 6/17/2013 2:40:09 PM.
     1>Project "D:\Projects\Bubbles\Bubbles\Bubbles\Bubbles.vcxproj" on node 2 (build target(s)).
     1>InitializeBuildStatus:
         Touching "Debug\Bubbles.unsuccessfulbuild".
       ClCompile:
         d:\Tools\VSStudio\VC\bin\CL.exe /c /IC:\libs_home\pthread\include /IC:\libs_home\opencv\build\include /IC:\libs_home\Kinect\v1.7\inc /ZI /nologo /W3 /WX- /Od /Oy- /D WIN32 /D _DEBUG /D _CONSOLE /D _UNICODE /D UNICODE /Gm /EHsc /RTC1 /MDd /GS /fp:precise /Zc:wchar_t /Zc:forScope /Fo"Debug\\" /Fd"Debug\vc100.pdb" /Gd /TP /analyze- /errorReport:prompt BubbleDetector.cpp BubbleState.cpp
         BubbleDetector.cpp
         Generating Code...
         Compiling...
         BubbleState.cpp
     1>d:\projects\bubbles\bubbles\bubbles\bubblestate.cpp(6): error C2259: 'BubbleState' : cannot instantiate abstract class
                 due to following members:
                 'void IBubbleState::addBubble(void)' : is abstract
                 d:\projects\bubbles\bubbles\bubbles\bubblestate.h(11) : see declaration of 'IBubbleState::addBubble'
     1>d:\projects\bubbles\bubbles\bubbles\bubblestate.cpp(7): error C2259: 'BubbleState' : cannot instantiate abstract class
                 due to following members:
                 'void IBubbleState::addBubble(void)' : is abstract
                 d:\projects\bubbles\bubbles\bubbles\bubblestate.h(11) : see declaration of 'IBubbleState::addBubble'
         Generating Code...
     1>Done Building Project "D:\Projects\Bubbles\Bubbles\Bubbles\Bubbles.vcxproj" (build target(s)) -- FAILED.

Build FAILED.

Time Elapsed 00:00:04.28
