Build started 6/18/2013 11:23:37 AM.
     1>Project "D:\Projects\Bubbles\BubbleDisplay\testOpenCV.vcxproj" on node 2 (build target(s)).
     1>InitializeBuildStatus:
         Touching "Debug\BubblesDisplay.unsuccessfulbuild".
       ClCompile:
         d:\Tools\VSStudio\VC\bin\CL.exe /c /Ic:\libs_home\Kinect\v1.7\inc /Ic:\libs_home\opencv\build\include\ /Ic:\libs_home\sleep /Ic:\libs_home\pthread\include /I"c:\libs_home\Ogre\OgreSDK_vc10_v1-8-0\include\OIS" /I"c:\libs_home\Ogre\OgreSDK_vc10_v1-8-0\include\OGRE" /I"c:\libs_home\Ogre\OgreSDK_vc10_v1-8-0\boost" /ID:\Projects\Bubbles\BubbleDisplay\ /ZI /nologo /W3 /WX- /Od /Oy- /D WIN32 /D _DEBUG /D _UNICODE /D UNICODE /Gm /EHsc /RTC1 /MDd /GS /fp:precise /Zc:wchar_t /Zc:forScope /Fo"Debug\\" /Fd"Debug\vc100.pdb" /Gd /TP /analyze- /errorReport:prompt "Source Code\Main.cpp"
         Main.cpp
       ManifestResourceCompile:
         All outputs are up-to-date.
       Link:
         d:\Tools\VSStudio\VC\bin\link.exe /ERRORREPORT:PROMPT /OUT:"D:\Projects\Bubbles\BubbleDisplay\Debug\BubblesDisplay.exe" /INCREMENTAL /NOLOGO /LIBPATH:c:\libs_home\Kinect\v1.7\lib /LIBPATH:c:\libs_home\opencv\build\x86\vc10\lib /LIBPATH:c:\libs_home\tbb40_20120408oss\lib\ia32\vc10 /LIBPATH:"c:\libs_home\Ogre\OgreSDK_vc10_v1-8-0\boost\lib" /LIBPATH:c:\libs_home\pthread\lib /LIBPATH:"c:\libs_home\Ogre\OgreSDK_vc10_v1-8-0\lib\debug\opt" /LIBPATH:"c:\libs_home\Ogre\OgreSDK_vc10_v1-8-0\lib\debug" opencv_calib3d240d.lib opencv_contrib240d.lib opencv_core240d.lib opencv_features2d240d.lib opencv_flann240d.lib opencv_gpu240d.lib opencv_haartraining_engined.lib opencv_highgui240d.lib opencv_imgproc240d.lib opencv_legacy240d.lib opencv_nonfree240d.lib opencv_ml240d.lib opencv_objdetect240d.lib opencv_photo240d.lib opencv_stitching240d.lib opencv_video240d.lib opencv_videostab240d.lib pthreadVC2.lib pthreadVSE2.lib OgreMain_d.lib OIS_d.lib opencv_calib3d240d.lib opencv_contrib240d.lib opencv_core240d.lib opencv_features2d240d.lib opencv_flann240d.lib opencv_gpu240d.lib opencv_haartraining_engined.lib opencv_highgui240d.lib opencv_imgproc240d.lib opencv_legacy240d.lib opencv_nonfree240d.lib opencv_ml240d.lib opencv_objdetect240d.lib opencv_photo240d.lib opencv_stitching240d.lib opencv_video240d.lib opencv_videostab240d.lib kernel32.lib user32.lib gdi32.lib winspool.lib comdlg32.lib advapi32.lib shell32.lib ole32.lib oleaut32.lib uuid.lib odbc32.lib odbccp32.lib /MANIFEST /ManifestFile:"Debug\BubblesDisplay.exe.intermediate.manifest" /MANIFESTUAC:"level='asInvoker' uiAccess='false'" /DEBUG /PDB:"D:\Projects\Bubbles\BubbleDisplay\Debug\BubblesDisplay.pdb" /TLBID:1 /DYNAMICBASE /NXCOMPAT /IMPLIB:"D:\Projects\Bubbles\BubbleDisplay\Debug\BubblesDisplay.lib" /MACHINE:X86 Debug\BubblesDisplay.exe.embed.manifest.res
         Debug\Homography.obj
         Debug\IClock.obj
         Debug\IEventProducer.obj
         Debug\VariableParameter.obj
         Debug\VariableParameterEventObserver.obj
         Debug\BaseApplication.obj
         Debug\CompositeOgreApplication.obj
         Debug\VideoPlayer.obj
         Debug\CameraManager.obj
         Debug\CameraOISController.obj
         Debug\ImageProcesser.obj
         Debug\PointGreyImageProcesser.obj
         Debug\BubbleDetector.obj
         Debug\BubbleState.obj
         Debug\BubbleTracker.obj
         Debug\Filters.obj
         Debug\Kinect.obj
         Debug\KOCVStream.obj
         Debug\Main.obj
         Debug\ProjectionEngine.obj
         Debug\COMToolkit.obj
         Debug\WDDLayer.obj
         Debug\XmosConfig.obj
         Debug\XMOSControlPlugin.obj
     1>Kinect.obj : error LNK2019: unresolved external symbol __imp__NuiCreateSensorByIndex@8 referenced in function "public: bool __thiscall Kinect::initialiseKinect(void)" (?initialiseKinect@Kinect@@QAE_NXZ)
     1>Kinect.obj : error LNK2019: unresolved external symbol __imp__NuiGetSensorCount@4 referenced in function "public: bool __thiscall Kinect::initialiseKinect(void)" (?initialiseKinect@Kinect@@QAE_NXZ)
     1>D:\Projects\Bubbles\BubbleDisplay\Debug\BubblesDisplay.exe : fatal error LNK1120: 2 unresolved externals
     1>Done Building Project "D:\Projects\Bubbles\BubbleDisplay\testOpenCV.vcxproj" (build target(s)) -- FAILED.

Build FAILED.

Time Elapsed 00:00:20.67
